<?xml version="1.0" encoding="UTF-8"?>
<!-- Generated by org.testng.reporters.JUnitReportReporter -->
<testsuite hostname="Socoon" failures="0" tests="1" name="test_Cases.UserRegistrationTest" time="12.149" errors="0" timestamp="2025-07-02T15:53:37 EEST" skipped="0">
  <testcase classname="test_Cases.UserRegistrationTest" name="userRegistrationSteps" time="12.149"/>
</testsuite> <!-- test_Cases.UserRegistrationTest -->
