<?xml version="1.0" encoding="UTF-8"?>
<!-- Generated by org.testng.reporters.JUnitReportReporter -->
<testsuite hostname="Socoon" failures="0" tests="1" name="test_Cases.ClickonPhoto" time="0.991" errors="0" timestamp="2025-06-29T17:40:12 EEST" skipped="0">
  <testcase classname="test_Cases.ClickonPhoto" name="clickpic" time="0.991"/>
</testsuite> <!-- test_Cases.ClickonPhoto -->
