<?xml version="1.0" encoding="UTF-8"?>
<!-- Generated by org.testng.reporters.JUnitReportReporter -->
<testsuite hostname="Socoon" failures="0" tests="1" name="runner.TestRunner" time="18.073" errors="0" timestamp="2025-07-05T21:07:36 EEST" skipped="0">
  <testcase classname="runner.TestRunner" name="runScenario" time="18.073"/>
</testsuite> <!-- runner.TestRunner -->
