<?xml version="1.0" encoding="UTF-8"?>
<!-- Generated by org.testng.reporters.JUnitReportReporter -->
<testsuite hostname="Socoon" failures="0" tests="1" name="runner.TestRunner" time="18.515" errors="0" timestamp="2025-07-01T21:22:35 EEST" skipped="0">
  <testcase classname="runner.TestRunner" name="runScenario" time="18.515"/>
</testsuite> <!-- runner.TestRunner -->
